0 info it worked if it ends with ok
1 verbose cli [ '/home/axylos/.nvm/versions/node/v6.11.2/bin/node',
1 verbose cli   '/home/axylos/.nvm/versions/node/v6.11.2/bin/npm',
1 verbose cli   'run',
1 verbose cli   'dev' ]
2 info using npm@3.10.10
3 info using node@v6.11.2
4 verbose run-script [ 'predev', 'dev', 'postdev' ]
5 info lifecycle tos_tldr@1.0.0~predev: tos_tldr@1.0.0
6 silly lifecycle tos_tldr@1.0.0~predev: no script for predev, continuing
7 info lifecycle tos_tldr@1.0.0~dev: tos_tldr@1.0.0
8 verbose lifecycle tos_tldr@1.0.0~dev: unsafe-perm in lifecycle true
9 verbose lifecycle tos_tldr@1.0.0~dev: PATH: /home/axylos/.nvm/versions/node/v6.11.2/lib/node_modules/npm/bin/node-gyp-bin:/home/axylos/projects/tos_tldr/node_modules/.bin:/home/axylos/.nvm/versions/node/v6.11.2/bin:/home/axylos/dasht/bin:/home/axylos/dasht/bin:/home/axylos/.cargo/bin:/usr/local/bin:/usr/local/sbin:/usr/local/mysql/bin:/home/axylos/dasht/bin:/home/axylos/dasht/bin:/home/axylos/.cargo/bin:/usr/local/bin:/usr/local/sbin:/usr/local/mysql/bin:/home/axylos/.cargo/bin:/home/axylos/dasht/bin:/home/axylos/dasht/bin:/home/axylos/.cargo/bin:/usr/local/bin:/usr/local/sbin:/usr/local/mysql/bin:/home/axylos/.rvm/gems/ruby-2.5.1/bin:/home/axylos/.rvm/gems/ruby-2.5.1@global/bin:/usr/share/rvm/rubies/ruby-2.5.1/bin:/usr/local/sbin:/usr/local/bin:/usr/sbin:/usr/bin:/sbin:/bin:/usr/games:/usr/local/games:/snap/bin:/usr/share/rvm/bin
10 verbose lifecycle tos_tldr@1.0.0~dev: CWD: /home/axylos/projects/tos_tldr
11 silly lifecycle tos_tldr@1.0.0~dev: Args: [ '-c', 'nodemon server.js' ]
12 silly lifecycle tos_tldr@1.0.0~dev: Returned: code: 1  signal: null
13 info lifecycle tos_tldr@1.0.0~dev: Failed to exec dev script
14 verbose stack Error: tos_tldr@1.0.0 dev: `nodemon server.js`
14 verbose stack Exit status 1
14 verbose stack     at EventEmitter.<anonymous> (/home/axylos/.nvm/versions/node/v6.11.2/lib/node_modules/npm/lib/utils/lifecycle.js:255:16)
14 verbose stack     at emitTwo (events.js:106:13)
14 verbose stack     at EventEmitter.emit (events.js:191:7)
14 verbose stack     at ChildProcess.<anonymous> (/home/axylos/.nvm/versions/node/v6.11.2/lib/node_modules/npm/lib/utils/spawn.js:40:14)
14 verbose stack     at emitTwo (events.js:106:13)
14 verbose stack     at ChildProcess.emit (events.js:191:7)
14 verbose stack     at maybeClose (internal/child_process.js:891:16)
14 verbose stack     at Process.ChildProcess._handle.onexit (internal/child_process.js:226:5)
15 verbose pkgid tos_tldr@1.0.0
16 verbose cwd /home/axylos/projects/tos_tldr
17 error Linux 4.13.0-46-generic
18 error argv "/home/axylos/.nvm/versions/node/v6.11.2/bin/node" "/home/axylos/.nvm/versions/node/v6.11.2/bin/npm" "run" "dev"
19 error node v6.11.2
20 error npm  v3.10.10
21 error code ELIFECYCLE
22 error tos_tldr@1.0.0 dev: `nodemon server.js`
22 error Exit status 1
23 error Failed at the tos_tldr@1.0.0 dev script 'nodemon server.js'.
23 error Make sure you have the latest version of node.js and npm installed.
23 error If you do, this is most likely a problem with the tos_tldr package,
23 error not with npm itself.
23 error Tell the author that this fails on your system:
23 error     nodemon server.js
23 error You can get information on how to open an issue for this project with:
23 error     npm bugs tos_tldr
23 error Or if that isn't available, you can get their info via:
23 error     npm owner ls tos_tldr
23 error There is likely additional logging output above.
24 verbose exit [ 1, true ]
